<?xml version="1.0" encoding="UTF-8"?>
<testsuites name="Search" time="365.599" tests="2" failures="2" errors="0">
   <testsuite name="Search" tests="2" failures="2" errors="0" time="365.599" skipped="0" timestamp="2023-09-04 01:08:04" hostname="DELL - DESKTOP-L51QJLB" id="Test Suites/Search">
      <properties>
         <property name="deviceName" value=""/>
         <property name="devicePlatform" value=""/>
         <property name="logFolder" value="D:\\backup\\LiverpoolProject_SmokeSuite\\Reports\\20230904_004914\\Search\\20230904_010748"/>
         <property name="logFiles" value="D:\\backup\\LiverpoolProject_SmokeSuite\\Reports\\20230904_004914\\Search\\20230904_010748\\execution0.log"/>
         <property name="attachments" value=""/>
         <property name="hostName" value="DELL - DESKTOP-L51QJLB"/>
         <property name="os" value="Windows 10 64bit"/>
         <property name="katalonVersion" value="8.6.5.208"/>
         <property name="browser" value="Chrome 116.0.0.0"/>
         <property name="hostAddress" value="172.22.45.157"/>
         <property name="sessionId" value="09f93a49301227c3578b30f1ab7dfcd2"/>
         <property name="seleniumVersion" value="3.141.59"/>
         <property name="proxyInformation" value="ProxyInformation { proxyOption=NO_PROXY, proxyServerType=HTTP, username=, password=********, proxyServerAddress=, proxyServerPort=0, executionList=&quot;&quot;, isApplyToDesiredCapabilities=true }"/>
         <property name="platform" value="Windows 10"/>
      </properties>
      <testcase name="Test Cases/Search/TS_SMOKE_SUITE_061" time="127.975" classname="Test Cases/Search/TS_SMOKE_SUITE_061" status="FAILED">
         <failure type="FAILED" message="Test Cases/Search/TS_SMOKE_SUITE_061 FAILED.
Reason:
com.kms.katalon.core.exception.StepFailedException: failed pagenation clicked page 2
	at com.kms.katalon.core.util.KeywordUtil.markFailed(KeywordUtil.java:19)
	at com.kms.katalon.core.util.KeywordUtil$markFailed.call(Unknown Source)
	at TS_SMOKE_SUITE_061.run(TS_SMOKE_SUITE_061:58)
	at com.kms.katalon.core.main.ScriptEngine.run(ScriptEngine.java:194)
	at com.kms.katalon.core.main.ScriptEngine.runScriptAsRawText(ScriptEngine.java:119)
	at com.kms.katalon.core.main.TestCaseExecutor.runScript(TestCaseExecutor.java:448)
	at com.kms.katalon.core.main.TestCaseExecutor.doExecute(TestCaseExecutor.java:439)
	at com.kms.katalon.core.main.TestCaseExecutor.processExecutionPhase(TestCaseExecutor.java:418)
	at com.kms.katalon.core.main.TestCaseExecutor.accessMainPhase(TestCaseExecutor.java:410)
	at com.kms.katalon.core.main.TestCaseExecutor.execute(TestCaseExecutor.java:285)
	at com.kms.katalon.core.common.CommonExecutor.accessTestCaseMainPhase(CommonExecutor.java:65)
	at com.kms.katalon.core.main.TestSuiteExecutor.accessTestSuiteMainPhase(TestSuiteExecutor.java:148)
	at com.kms.katalon.core.main.TestSuiteExecutor.execute(TestSuiteExecutor.java:106)
	at com.kms.katalon.core.main.TestCaseMain.startTestSuite(TestCaseMain.java:187)
	at com.kms.katalon.core.main.TestCaseMain$startTestSuite$0.call(Unknown Source)
	at TempTestSuite1693769868698.run(TempTestSuite1693769868698.groovy:36)
"/>
         <system-out><![CDATA[2023-09-04 01:09:12 - [TEST_CASE][FAILED] - Test Cases/Search/TS_SMOKE_SUITE_061: Test Cases/Search/TS_SMOKE_SUITE_061 FAILED.
Reason:
com.kms.katalon.core.exception.StepFailedException: failed pagenation clicked page 2
	at com.kms.katalon.core.util.KeywordUtil.markFailed(KeywordUtil.java:19)
	at com.kms.katalon.core.util.KeywordUtil$markFailed.call(Unknown Source)
	at TS_SMOKE_SUITE_061.run(TS_SMOKE_SUITE_061:58)
	at com.kms.katalon.core.main.ScriptEngine.run(ScriptEngine.java:194)
	at com.kms.katalon.core.main.ScriptEngine.runScriptAsRawText(ScriptEngine.java:119)
	at com.kms.katalon.core.main.TestCaseExecutor.runScript(TestCaseExecutor.java:448)
	at com.kms.katalon.core.main.TestCaseExecutor.doExecute(TestCaseExecutor.java:439)
	at com.kms.katalon.core.main.TestCaseExecutor.processExecutionPhase(TestCaseExecutor.java:418)
	at com.kms.katalon.core.main.TestCaseExecutor.accessMainPhase(TestCaseExecutor.java:410)
	at com.kms.katalon.core.main.TestCaseExecutor.execute(TestCaseExecutor.java:285)
	at com.kms.katalon.core.common.CommonExecutor.accessTestCaseMainPhase(CommonExecutor.java:65)
	at com.kms.katalon.core.main.TestSuiteExecutor.accessTestSuiteMainPhase(TestSuiteExecutor.java:148)
	at com.kms.katalon.core.main.TestSuiteExecutor.execute(TestSuiteExecutor.java:106)
	at com.kms.katalon.core.main.TestCaseMain.startTestSuite(TestCaseMain.java:187)
	at com.kms.katalon.core.main.TestCaseMain$startTestSuite$0.call(Unknown Source)
	at TempTestSuite1693769868698.run(TempTestSuite1693769868698.groovy:36)


2023-09-04 01:09:13 - [TEST_STEP][PASSED] - Start listener action : sampleBeforeTestCase: Navigate to 'https://odtaqaa.liverpool.com.mx/tienda/home' successfully

2023-09-04 01:09:13 - [TEST_STEP][PASSED] - navigateToUrl(URL): Navigate to 'https://odtaqaa.liverpool.com.mx/tienda/home' successfully

2023-09-04 01:09:34 - [MESSAGE][PASSED] - Navigate to 'https://odtaqaa.liverpool.com.mx/tienda/home' successfully

2023-09-04 01:09:36 - [TEST_STEP][PASSED] - callTestCase(findTestCase("CommonMethods/SearchForAProduct_search"), ["searchTerm":"mac"], STOP_ON_FAILURE): Call Test Case 'Test Cases/CommonMethods/SearchForAProduct_search' successfully

2023-09-04 01:09:36 - [TEST_CASE][PASSED] - Test Cases/CommonMethods/SearchForAProduct_search: Test Cases/CommonMethods/SearchForAProduct_search

2023-09-04 01:09:37 - [TEST_STEP][PASSED] - click(findTestObject("HomePage/Buscar1"), STOP_ON_FAILURE): Object: 'Object Repository/HomePage/Buscar1' is clicked on

2023-09-04 01:09:38 - [MESSAGE][PASSED] - Object: 'Object Repository/HomePage/Buscar1' is clicked on

2023-09-04 01:09:38 - [TEST_STEP][PASSED] - delay(3): Delayed 3 second(s)

2023-09-04 01:09:41 - [MESSAGE][PASSED] - Delayed 3 second(s)

2023-09-04 01:09:41 - [TEST_STEP][PASSED] - setText(findTestObject("HomePage/Buscar1"), searchTerm): Text 'mac' is set on object 'Object Repository/HomePage/Buscar1'

2023-09-04 01:09:42 - [MESSAGE][PASSED] - Text 'mac' is set on object 'Object Repository/HomePage/Buscar1'

2023-09-04 01:09:42 - [TEST_STEP][PASSED] - delay(3): Delayed 3 second(s)

2023-09-04 01:09:45 - [MESSAGE][PASSED] - Delayed 3 second(s)

2023-09-04 01:09:45 - [TEST_STEP][PASSED] - sendKeys(findTestObject("HomePage/Seach_TextBox_hp"), Keys.chord(ENTER)): Keys 'ENTER + ' sent to object: 'Object Repository/HomePage/Seach_TextBox_hp'

2023-09-04 01:09:54 - [MESSAGE][PASSED] - Keys 'ENTER + ' sent to object: 'Object Repository/HomePage/Seach_TextBox_hp'

2023-09-04 01:09:54 - [MESSAGE][PASSED] - Call Test Case 'Test Cases/CommonMethods/SearchForAProduct_search' successfully

2023-09-04 01:09:54 - [TEST_STEP][PASSED] - waitForPageLoad(0): Wait for page load successfully

2023-09-04 01:09:55 - [MESSAGE][WARNING] - Timeout '0' is invalid. Using default page load timeout: '30'

2023-09-04 01:09:55 - [MESSAGE][PASSED] - Wait for page load successfully

2023-09-04 01:09:55 - [TEST_STEP][PASSED] - scrollToElement(findTestObject("PLPPage/pagenation_1_PLP"), 0): Scroll to object 'Object Repository/PLPPage/pagenation_1_PLP' successfully

2023-09-04 01:09:56 - [MESSAGE][WARNING] - Timeout '0' is invalid. Using default page load timeout: '30'

2023-09-04 01:11:01 - [MESSAGE][PASSED] - Scroll to object 'Object Repository/PLPPage/pagenation_1_PLP' successfully

2023-09-04 01:11:01 - [TEST_STEP][PASSED] - scrollToPosition(450, 0): Browser is scrolled to position x = 450, y = 0

2023-09-04 01:11:02 - [MESSAGE][PASSED] - Browser is scrolled to position x = 450, y = 0

2023-09-04 01:11:02 - [TEST_STEP][PASSED] - click(findTestObject("PLPPage/pagenation_2_PLP"), STOP_ON_FAILURE): Object: 'Object Repository/PLPPage/pagenation_2_PLP' is clicked on

2023-09-04 01:11:03 - [MESSAGE][PASSED] - Object: 'Object Repository/PLPPage/pagenation_2_PLP' is clicked on

2023-09-04 01:11:03 - [TEST_STEP][PASSED] - waitForPageLoad(0): Wait for page load successfully

2023-09-04 01:11:03 - [MESSAGE][WARNING] - Timeout '0' is invalid. Using default page load timeout: '30'

2023-09-04 01:11:03 - [MESSAGE][PASSED] - Wait for page load successfully

2023-09-04 01:11:03 - [TEST_STEP][PASSED] - a1 = getUrl(): Current window's url is: 'https://odtaqaa.liverpool.com.mx/tienda?s=mac'

2023-09-04 01:11:03 - [MESSAGE][PASSED] - Current window's url is: 'https://odtaqaa.liverpool.com.mx/tienda?s=mac'

2023-09-04 01:11:03 - [TEST_STEP][PASSED] - out.println(a1): null

2023-09-04 01:11:03 - [TEST_STEP][PASSED] - a = a1.contains("page-2"): null

2023-09-04 01:11:03 - [TEST_STEP][PASSED] - out.println(a): null

2023-09-04 01:11:03 - [TEST_STEP][PASSED] - delay(10): Delayed 10 second(s)

2023-09-04 01:11:13 - [MESSAGE][PASSED] - Delayed 10 second(s)

2023-09-04 01:11:13 - [TEST_STEP][PASSED] - out.println(a): null

2023-09-04 01:11:13 - [TEST_STEP][PASSED] - delay(5): Delayed 5 second(s)

2023-09-04 01:11:18 - [MESSAGE][PASSED] - Delayed 5 second(s)

2023-09-04 01:11:18 - [TEST_STEP][PASSED] - scrollToElement(findTestObject("PLPPage/pagenation_1_PLP"), 0): Scroll to object 'Object Repository/PLPPage/pagenation_1_PLP' successfully

2023-09-04 01:11:18 - [MESSAGE][WARNING] - Timeout '0' is invalid. Using default page load timeout: '30'

2023-09-04 01:11:19 - [MESSAGE][PASSED] - Scroll to object 'Object Repository/PLPPage/pagenation_1_PLP' successfully

2023-09-04 01:11:19 - [TEST_STEP][PASSED] - waitForPageLoad(0): Wait for page load successfully

2023-09-04 01:11:19 - [MESSAGE][WARNING] - Timeout '0' is invalid. Using default page load timeout: '30'

2023-09-04 01:11:19 - [MESSAGE][PASSED] - Wait for page load successfully

2023-09-04 01:11:19 - [TEST_STEP][PASSED] - click(findTestObject("PLPPage/pagenation_1_PLP"), STOP_ON_FAILURE): Object: 'Object Repository/PLPPage/pagenation_1_PLP' is clicked on

2023-09-04 01:11:20 - [MESSAGE][PASSED] - Object: 'Object Repository/PLPPage/pagenation_1_PLP' is clicked on

2023-09-04 01:11:20 - [TEST_STEP][PASSED] - waitForPageLoad(0): Wait for page load successfully

2023-09-04 01:11:20 - [MESSAGE][WARNING] - Timeout '0' is invalid. Using default page load timeout: '30'

2023-09-04 01:11:20 - [MESSAGE][PASSED] - Wait for page load successfully

2023-09-04 01:11:20 - [TEST_STEP][PASSED] - if (a == true): null

2023-09-04 01:11:20 - [TEST_STEP][FAILED] - else: failed pagenation clicked page 2

2023-09-04 01:11:20 - [TEST_STEP][FAILED] - markFailed("failed pagenation clicked page 2"): failed pagenation clicked page 2

2023-09-04 01:11:20 - [MESSAGE][FAILED] - failed pagenation clicked page 2

2023-09-04 01:11:20 - [TEST_STEP][PASSED] - b1 = getUrl(): Current window's url is: 'https://odtaqaa.liverpool.com.mx/tienda/page-2?s=mac'

2023-09-04 01:11:20 - [MESSAGE][PASSED] - Current window's url is: 'https://odtaqaa.liverpool.com.mx/tienda/page-2?s=mac'

2023-09-04 01:11:20 - [TEST_STEP][PASSED] - b = b1.contains("page-1"): null

2023-09-04 01:11:20 - [TEST_STEP][PASSED] - out.println(b1): null

2023-09-04 01:11:20 - [TEST_STEP][PASSED] - if (b == true): null

2023-09-04 01:11:20 - [TEST_STEP][FAILED] - else: failed pagenation clicked page 1

2023-09-04 01:11:20 - [TEST_STEP][FAILED] - markFailed("failed pagenation clicked page 1"): failed pagenation clicked page 1

2023-09-04 01:11:20 - [MESSAGE][FAILED] - failed pagenation clicked page 1]]></system-out>
         <system-err><![CDATA[2023-09-04 01:09:12 - [TEST_CASE][FAILED] - Test Cases/Search/TS_SMOKE_SUITE_061: Test Cases/Search/TS_SMOKE_SUITE_061 FAILED.
Reason:
com.kms.katalon.core.exception.StepFailedException: failed pagenation clicked page 2
	at com.kms.katalon.core.util.KeywordUtil.markFailed(KeywordUtil.java:19)
	at com.kms.katalon.core.util.KeywordUtil$markFailed.call(Unknown Source)
	at TS_SMOKE_SUITE_061.run(TS_SMOKE_SUITE_061:58)
	at com.kms.katalon.core.main.ScriptEngine.run(ScriptEngine.java:194)
	at com.kms.katalon.core.main.ScriptEngine.runScriptAsRawText(ScriptEngine.java:119)
	at com.kms.katalon.core.main.TestCaseExecutor.runScript(TestCaseExecutor.java:448)
	at com.kms.katalon.core.main.TestCaseExecutor.doExecute(TestCaseExecutor.java:439)
	at com.kms.katalon.core.main.TestCaseExecutor.processExecutionPhase(TestCaseExecutor.java:418)
	at com.kms.katalon.core.main.TestCaseExecutor.accessMainPhase(TestCaseExecutor.java:410)
	at com.kms.katalon.core.main.TestCaseExecutor.execute(TestCaseExecutor.java:285)
	at com.kms.katalon.core.common.CommonExecutor.accessTestCaseMainPhase(CommonExecutor.java:65)
	at com.kms.katalon.core.main.TestSuiteExecutor.accessTestSuiteMainPhase(TestSuiteExecutor.java:148)
	at com.kms.katalon.core.main.TestSuiteExecutor.execute(TestSuiteExecutor.java:106)
	at com.kms.katalon.core.main.TestCaseMain.startTestSuite(TestCaseMain.java:187)
	at com.kms.katalon.core.main.TestCaseMain$startTestSuite$0.call(Unknown Source)
	at TempTestSuite1693769868698.run(TempTestSuite1693769868698.groovy:36)]]></system-err>
      </testcase>
      <testcase name="Test Cases/Search/TS_SMOKE_SUITE_070" time="169.503" classname="Test Cases/Search/TS_SMOKE_SUITE_070" status="FAILED">
         <failure type="FAILED" message="Test Cases/Search/TS_SMOKE_SUITE_070 FAILED.
Reason:
com.kms.katalon.core.exception.StepFailedException: failed pagenation forward arrow not clicked
	at com.kms.katalon.core.util.KeywordUtil.markFailed(KeywordUtil.java:19)
	at com.kms.katalon.core.util.KeywordUtil$markFailed.call(Unknown Source)
	at TS_SMOKE_SUITE_070.run(TS_SMOKE_SUITE_070:50)
	at com.kms.katalon.core.main.ScriptEngine.run(ScriptEngine.java:194)
	at com.kms.katalon.core.main.ScriptEngine.runScriptAsRawText(ScriptEngine.java:119)
	at com.kms.katalon.core.main.TestCaseExecutor.runScript(TestCaseExecutor.java:448)
	at com.kms.katalon.core.main.TestCaseExecutor.doExecute(TestCaseExecutor.java:439)
	at com.kms.katalon.core.main.TestCaseExecutor.processExecutionPhase(TestCaseExecutor.java:418)
	at com.kms.katalon.core.main.TestCaseExecutor.accessMainPhase(TestCaseExecutor.java:410)
	at com.kms.katalon.core.main.TestCaseExecutor.execute(TestCaseExecutor.java:285)
	at com.kms.katalon.core.common.CommonExecutor.accessTestCaseMainPhase(CommonExecutor.java:65)
	at com.kms.katalon.core.main.TestSuiteExecutor.accessTestSuiteMainPhase(TestSuiteExecutor.java:148)
	at com.kms.katalon.core.main.TestSuiteExecutor.execute(TestSuiteExecutor.java:106)
	at com.kms.katalon.core.main.TestCaseMain.startTestSuite(TestCaseMain.java:187)
	at com.kms.katalon.core.main.TestCaseMain$startTestSuite$0.call(Unknown Source)
	at TempTestSuite1693769868698.run(TempTestSuite1693769868698.groovy:36)
"/>
         <system-out><![CDATA[2023-09-04 01:11:20 - [TEST_CASE][FAILED] - Test Cases/Search/TS_SMOKE_SUITE_070: Test Cases/Search/TS_SMOKE_SUITE_070 FAILED.
Reason:
com.kms.katalon.core.exception.StepFailedException: failed pagenation forward arrow not clicked
	at com.kms.katalon.core.util.KeywordUtil.markFailed(KeywordUtil.java:19)
	at com.kms.katalon.core.util.KeywordUtil$markFailed.call(Unknown Source)
	at TS_SMOKE_SUITE_070.run(TS_SMOKE_SUITE_070:50)
	at com.kms.katalon.core.main.ScriptEngine.run(ScriptEngine.java:194)
	at com.kms.katalon.core.main.ScriptEngine.runScriptAsRawText(ScriptEngine.java:119)
	at com.kms.katalon.core.main.TestCaseExecutor.runScript(TestCaseExecutor.java:448)
	at com.kms.katalon.core.main.TestCaseExecutor.doExecute(TestCaseExecutor.java:439)
	at com.kms.katalon.core.main.TestCaseExecutor.processExecutionPhase(TestCaseExecutor.java:418)
	at com.kms.katalon.core.main.TestCaseExecutor.accessMainPhase(TestCaseExecutor.java:410)
	at com.kms.katalon.core.main.TestCaseExecutor.execute(TestCaseExecutor.java:285)
	at com.kms.katalon.core.common.CommonExecutor.accessTestCaseMainPhase(CommonExecutor.java:65)
	at com.kms.katalon.core.main.TestSuiteExecutor.accessTestSuiteMainPhase(TestSuiteExecutor.java:148)
	at com.kms.katalon.core.main.TestSuiteExecutor.execute(TestSuiteExecutor.java:106)
	at com.kms.katalon.core.main.TestCaseMain.startTestSuite(TestCaseMain.java:187)
	at com.kms.katalon.core.main.TestCaseMain$startTestSuite$0.call(Unknown Source)
	at TempTestSuite1693769868698.run(TempTestSuite1693769868698.groovy:36)


2023-09-04 01:11:20 - [TEST_STEP][PASSED] - Start listener action : sampleBeforeTestCase: Navigate to 'https://odtaqaa.liverpool.com.mx/tienda/home' successfully

2023-09-04 01:11:20 - [TEST_STEP][PASSED] - navigateToUrl(URL): Navigate to 'https://odtaqaa.liverpool.com.mx/tienda/home' successfully

2023-09-04 01:11:40 - [MESSAGE][PASSED] - Navigate to 'https://odtaqaa.liverpool.com.mx/tienda/home' successfully

2023-09-04 01:11:46 - [TEST_STEP][PASSED] - openBrowser(""): Browser is opened with url: ''

2023-09-04 01:11:46 - [MESSAGE][WARNING] - A browser is already opened. Closing browser and opening a new one

2023-09-04 01:11:47 - [MESSAGE][INFO] - Starting 'Chrome' driver

2023-09-04 01:11:47 - [MESSAGE][INFO] - Action delay is set to 0 milliseconds

2023-09-04 01:11:50 - [MESSAGE][PASSED] - Browser is opened with url: ''

2023-09-04 01:11:50 - [TEST_STEP][PASSED] - navigateToUrl(URL): Navigate to 'https://odtaqaa.liverpool.com.mx/tienda/home' successfully

2023-09-04 01:12:43 - [MESSAGE][PASSED] - Navigate to 'https://odtaqaa.liverpool.com.mx/tienda/home' successfully

2023-09-04 01:12:43 - [TEST_STEP][PASSED] - callTestCase(findTestCase("CommonMethods/SearchForAProduct_search"), ["searchTerm":"mac"], STOP_ON_FAILURE): Call Test Case 'Test Cases/CommonMethods/SearchForAProduct_search' successfully

2023-09-04 01:12:43 - [TEST_CASE][PASSED] - Test Cases/CommonMethods/SearchForAProduct_search: Test Cases/CommonMethods/SearchForAProduct_search

2023-09-04 01:12:43 - [TEST_STEP][PASSED] - click(findTestObject("HomePage/Buscar1"), STOP_ON_FAILURE): Object: 'Object Repository/HomePage/Buscar1' is clicked on

2023-09-04 01:12:44 - [MESSAGE][PASSED] - Object: 'Object Repository/HomePage/Buscar1' is clicked on

2023-09-04 01:12:44 - [TEST_STEP][PASSED] - delay(3): Delayed 3 second(s)

2023-09-04 01:12:47 - [MESSAGE][PASSED] - Delayed 3 second(s)

2023-09-04 01:12:47 - [TEST_STEP][PASSED] - setText(findTestObject("HomePage/Buscar1"), searchTerm): Text 'mac' is set on object 'Object Repository/HomePage/Buscar1'

2023-09-04 01:12:49 - [MESSAGE][PASSED] - Text 'mac' is set on object 'Object Repository/HomePage/Buscar1'

2023-09-04 01:12:49 - [TEST_STEP][PASSED] - delay(3): Delayed 3 second(s)

2023-09-04 01:12:52 - [MESSAGE][PASSED] - Delayed 3 second(s)

2023-09-04 01:12:52 - [TEST_STEP][PASSED] - sendKeys(findTestObject("HomePage/Seach_TextBox_hp"), Keys.chord(ENTER)): Keys 'ENTER + ' sent to object: 'Object Repository/HomePage/Seach_TextBox_hp'

2023-09-04 01:12:54 - [MESSAGE][PASSED] - Keys 'ENTER + ' sent to object: 'Object Repository/HomePage/Seach_TextBox_hp'

2023-09-04 01:12:54 - [MESSAGE][PASSED] - Call Test Case 'Test Cases/CommonMethods/SearchForAProduct_search' successfully

2023-09-04 01:12:54 - [TEST_STEP][PASSED] - waitForPageLoad(0): Wait for page load successfully

2023-09-04 01:12:54 - [MESSAGE][WARNING] - Timeout '0' is invalid. Using default page load timeout: '30'

2023-09-04 01:12:54 - [MESSAGE][PASSED] - Wait for page load successfully

2023-09-04 01:12:54 - [TEST_STEP][PASSED] - scrollToElement(findTestObject("PLPPage/ForwardArrow_Pagenation_PLP"), 0): Scroll to object 'Object Repository/PLPPage/ForwardArrow_Pagenation_PLP' successfully

2023-09-04 01:12:54 - [MESSAGE][WARNING] - Timeout '0' is invalid. Using default page load timeout: '30'

2023-09-04 01:13:55 - [MESSAGE][PASSED] - Scroll to object 'Object Repository/PLPPage/ForwardArrow_Pagenation_PLP' successfully

2023-09-04 01:13:55 - [TEST_STEP][PASSED] - waitForPageLoad(0): Wait for page load successfully

2023-09-04 01:13:55 - [MESSAGE][WARNING] - Timeout '0' is invalid. Using default page load timeout: '30'

2023-09-04 01:13:56 - [MESSAGE][PASSED] - Wait for page load successfully

2023-09-04 01:13:56 - [TEST_STEP][PASSED] - click(findTestObject("PLPPage/ForwardArrow_Pagenation_PLP"), STOP_ON_FAILURE): Object: 'Object Repository/PLPPage/ForwardArrow_Pagenation_PLP' is clicked on

2023-09-04 01:13:59 - [MESSAGE][PASSED] - Object: 'Object Repository/PLPPage/ForwardArrow_Pagenation_PLP' is clicked on

2023-09-04 01:13:59 - [TEST_STEP][PASSED] - waitForPageLoad(0): Wait for page load successfully

2023-09-04 01:13:59 - [MESSAGE][WARNING] - Timeout '0' is invalid. Using default page load timeout: '30'

2023-09-04 01:14:00 - [MESSAGE][PASSED] - Wait for page load successfully

2023-09-04 01:14:00 - [TEST_STEP][PASSED] - a1 = getUrl(): Current window's url is: 'https://odtaqaa.liverpool.com.mx/tienda?s=mac'

2023-09-04 01:14:00 - [MESSAGE][PASSED] - Current window's url is: 'https://odtaqaa.liverpool.com.mx/tienda?s=mac'

2023-09-04 01:14:00 - [TEST_STEP][PASSED] - out.println(a1): null

2023-09-04 01:14:00 - [TEST_STEP][PASSED] - a = a1.contains("page-2"): null

2023-09-04 01:14:00 - [TEST_STEP][PASSED] - out.println(a): null

2023-09-04 01:14:00 - [TEST_STEP][PASSED] - delay(5): Delayed 5 second(s)

2023-09-04 01:14:05 - [MESSAGE][PASSED] - Delayed 5 second(s)

2023-09-04 01:14:05 - [TEST_STEP][PASSED] - if (a == true): null

2023-09-04 01:14:05 - [TEST_STEP][FAILED] - else: failed pagenation forward arrow not clicked

2023-09-04 01:14:05 - [TEST_STEP][FAILED] - markFailed("failed pagenation forward arrow not clicked"): failed pagenation forward arrow not clicked

2023-09-04 01:14:05 - [MESSAGE][FAILED] - failed pagenation forward arrow not clicked

2023-09-04 01:14:05 - [TEST_STEP][PASSED] - scrollToElement(findTestObject("PLPPage/BackArrow_Pagenation_PLP"), 0): Scroll to object 'Object Repository/PLPPage/BackArrow_Pagenation_PLP' successfully

2023-09-04 01:14:05 - [MESSAGE][WARNING] - Timeout '0' is invalid. Using default page load timeout: '30'

2023-09-04 01:14:08 - [MESSAGE][PASSED] - Scroll to object 'Object Repository/PLPPage/BackArrow_Pagenation_PLP' successfully

2023-09-04 01:14:08 - [TEST_STEP][PASSED] - waitForPageLoad(0): Wait for page load successfully

2023-09-04 01:14:08 - [MESSAGE][WARNING] - Timeout '0' is invalid. Using default page load timeout: '30'

2023-09-04 01:14:08 - [MESSAGE][PASSED] - Wait for page load successfully

2023-09-04 01:14:08 - [TEST_STEP][PASSED] - click(findTestObject("PLPPage/BackArrow_Pagenation_PLP"), STOP_ON_FAILURE): Object: 'Object Repository/PLPPage/BackArrow_Pagenation_PLP' is clicked on

2023-09-04 01:14:09 - [MESSAGE][PASSED] - Object: 'Object Repository/PLPPage/BackArrow_Pagenation_PLP' is clicked on

2023-09-04 01:14:09 - [TEST_STEP][PASSED] - waitForPageLoad(0): Wait for page load successfully

2023-09-04 01:14:09 - [MESSAGE][WARNING] - Timeout '0' is invalid. Using default page load timeout: '30'

2023-09-04 01:14:10 - [MESSAGE][PASSED] - Wait for page load successfully

2023-09-04 01:14:10 - [TEST_STEP][PASSED] - b1 = getUrl(): Current window's url is: 'https://odtaqaa.liverpool.com.mx/tienda/page-2?s=mac'

2023-09-04 01:14:10 - [MESSAGE][PASSED] - Current window's url is: 'https://odtaqaa.liverpool.com.mx/tienda/page-2?s=mac'

2023-09-04 01:14:10 - [TEST_STEP][PASSED] - b = b1.contains("page-1"): null

2023-09-04 01:14:10 - [TEST_STEP][PASSED] - out.println(b1): null

2023-09-04 01:14:10 - [TEST_STEP][PASSED] - if (b == true): null

2023-09-04 01:14:10 - [TEST_STEP][FAILED] - else: failed pagenation back arrow not clicked

2023-09-04 01:14:10 - [TEST_STEP][FAILED] - markFailed("failed pagenation back arrow not clicked"): failed pagenation back arrow not clicked

2023-09-04 01:14:10 - [MESSAGE][FAILED] - failed pagenation back arrow not clicked]]></system-out>
         <system-err><![CDATA[2023-09-04 01:11:20 - [TEST_CASE][FAILED] - Test Cases/Search/TS_SMOKE_SUITE_070: Test Cases/Search/TS_SMOKE_SUITE_070 FAILED.
Reason:
com.kms.katalon.core.exception.StepFailedException: failed pagenation forward arrow not clicked
	at com.kms.katalon.core.util.KeywordUtil.markFailed(KeywordUtil.java:19)
	at com.kms.katalon.core.util.KeywordUtil$markFailed.call(Unknown Source)
	at TS_SMOKE_SUITE_070.run(TS_SMOKE_SUITE_070:50)
	at com.kms.katalon.core.main.ScriptEngine.run(ScriptEngine.java:194)
	at com.kms.katalon.core.main.ScriptEngine.runScriptAsRawText(ScriptEngine.java:119)
	at com.kms.katalon.core.main.TestCaseExecutor.runScript(TestCaseExecutor.java:448)
	at com.kms.katalon.core.main.TestCaseExecutor.doExecute(TestCaseExecutor.java:439)
	at com.kms.katalon.core.main.TestCaseExecutor.processExecutionPhase(TestCaseExecutor.java:418)
	at com.kms.katalon.core.main.TestCaseExecutor.accessMainPhase(TestCaseExecutor.java:410)
	at com.kms.katalon.core.main.TestCaseExecutor.execute(TestCaseExecutor.java:285)
	at com.kms.katalon.core.common.CommonExecutor.accessTestCaseMainPhase(CommonExecutor.java:65)
	at com.kms.katalon.core.main.TestSuiteExecutor.accessTestSuiteMainPhase(TestSuiteExecutor.java:148)
	at com.kms.katalon.core.main.TestSuiteExecutor.execute(TestSuiteExecutor.java:106)
	at com.kms.katalon.core.main.TestCaseMain.startTestSuite(TestCaseMain.java:187)
	at com.kms.katalon.core.main.TestCaseMain$startTestSuite$0.call(Unknown Source)
	at TempTestSuite1693769868698.run(TempTestSuite1693769868698.groovy:36)]]></system-err>
      </testcase>
      <system-out><![CDATA[2023-09-04 01:08:04 - [TEST_SUITE][FAILED] - Search: Test Cases/Search/TS_SMOKE_SUITE_061 FAILED.
Reason:
com.kms.katalon.core.exception.StepFailedException: failed pagenation clicked page 2
	at com.kms.katalon.core.util.KeywordUtil.markFailed(KeywordUtil.java:19)
	at com.kms.katalon.core.util.KeywordUtil$markFailed.call(Unknown Source)
	at TS_SMOKE_SUITE_061.run(TS_SMOKE_SUITE_061:58)
	at com.kms.katalon.core.main.ScriptEngine.run(ScriptEngine.java:194)
	at com.kms.katalon.core.main.ScriptEngine.runScriptAsRawText(ScriptEngine.java:119)
	at com.kms.katalon.core.main.TestCaseExecutor.runScript(TestCaseExecutor.java:448)
	at com.kms.katalon.core.main.TestCaseExecutor.doExecute(TestCaseExecutor.java:439)
	at com.kms.katalon.core.main.TestCaseExecutor.processExecutionPhase(TestCaseExecutor.java:418)
	at com.kms.katalon.core.main.TestCaseExecutor.accessMainPhase(TestCaseExecutor.java:410)
	at com.kms.katalon.core.main.TestCaseExecutor.execute(TestCaseExecutor.java:285)
	at com.kms.katalon.core.common.CommonExecutor.accessTestCaseMainPhase(CommonExecutor.java:65)
	at com.kms.katalon.core.main.TestSuiteExecutor.accessTestSuiteMainPhase(TestSuiteExecutor.java:148)
	at com.kms.katalon.core.main.TestSuiteExecutor.execute(TestSuiteExecutor.java:106)
	at com.kms.katalon.core.main.TestCaseMain.startTestSuite(TestCaseMain.java:187)
	at com.kms.katalon.core.main.TestCaseMain$startTestSuite$0.call(Unknown Source)
	at TempTestSuite1693769868698.run(TempTestSuite1693769868698.groovy:36)]]></system-out>
      <system-err><![CDATA[2023-09-04 01:08:04 - [TEST_SUITE][FAILED] - Search: Test Cases/Search/TS_SMOKE_SUITE_061 FAILED.
Reason:
com.kms.katalon.core.exception.StepFailedException: failed pagenation clicked page 2
	at com.kms.katalon.core.util.KeywordUtil.markFailed(KeywordUtil.java:19)
	at com.kms.katalon.core.util.KeywordUtil$markFailed.call(Unknown Source)
	at TS_SMOKE_SUITE_061.run(TS_SMOKE_SUITE_061:58)
	at com.kms.katalon.core.main.ScriptEngine.run(ScriptEngine.java:194)
	at com.kms.katalon.core.main.ScriptEngine.runScriptAsRawText(ScriptEngine.java:119)
	at com.kms.katalon.core.main.TestCaseExecutor.runScript(TestCaseExecutor.java:448)
	at com.kms.katalon.core.main.TestCaseExecutor.doExecute(TestCaseExecutor.java:439)
	at com.kms.katalon.core.main.TestCaseExecutor.processExecutionPhase(TestCaseExecutor.java:418)
	at com.kms.katalon.core.main.TestCaseExecutor.accessMainPhase(TestCaseExecutor.java:410)
	at com.kms.katalon.core.main.TestCaseExecutor.execute(TestCaseExecutor.java:285)
	at com.kms.katalon.core.common.CommonExecutor.accessTestCaseMainPhase(CommonExecutor.java:65)
	at com.kms.katalon.core.main.TestSuiteExecutor.accessTestSuiteMainPhase(TestSuiteExecutor.java:148)
	at com.kms.katalon.core.main.TestSuiteExecutor.execute(TestSuiteExecutor.java:106)
	at com.kms.katalon.core.main.TestCaseMain.startTestSuite(TestCaseMain.java:187)
	at com.kms.katalon.core.main.TestCaseMain$startTestSuite$0.call(Unknown Source)
	at TempTestSuite1693769868698.run(TempTestSuite1693769868698.groovy:36)]]></system-err>
   </testsuite>
</testsuites>
