<?xml version="1.0" encoding="UTF-8"?>
<testsuites name="browserAndShop" time="240.081" tests="2" failures="0" errors="0">
   <testsuite name="browserAndShop" tests="2" failures="0" errors="0" time="240.081" skipped="0" timestamp="2023-08-16 15:29:57" hostname="DELL - DESKTOP-L51QJLB" id="Test Suites/browserAndShop">
      <properties>
         <property name="deviceName" value=""/>
         <property name="devicePlatform" value=""/>
         <property name="logFolder" value="D:\\backup\\Liverpool_SmokeSuite1\\Reports\\20230816_150419\\browserAndShop\\20230816_152949"/>
         <property name="logFiles" value="D:\\backup\\Liverpool_SmokeSuite1\\Reports\\20230816_150419\\browserAndShop\\20230816_152949\\execution0.log"/>
         <property name="attachments" value=""/>
         <property name="hostName" value="DELL - DESKTOP-L51QJLB"/>
         <property name="os" value="Windows 10 64bit"/>
         <property name="katalonVersion" value="8.5.5.208"/>
         <property name="browser" value="Chrome 115.0.0.0"/>
         <property name="hostAddress" value="172.22.45.204"/>
         <property name="sessionId" value="f409e356a8e1d13f6b7c429a5201dafd"/>
         <property name="seleniumVersion" value="3.141.59"/>
         <property name="proxyInformation" value="ProxyInformation { proxyOption=NO_PROXY, proxyServerType=HTTP, username=, password=********, proxyServerAddress=, proxyServerPort=0, executionList=&quot;&quot;, isApplyToDesiredCapabilities=true }"/>
         <property name="platform" value="Windows 10"/>
      </properties>
      <testcase name="Test Cases/Browse and Shop/TS_SMOKE_SUITE_048" time="159.7" classname="Test Cases/Browse and Shop/TS_SMOKE_SUITE_048" status="PASSED">
         <system-out><![CDATA[2023-08-16 15:29:57 - [TEST_CASE][PASSED] - Test Cases/Browse and Shop/TS_SMOKE_SUITE_048: Test Cases/Browse and Shop/TS_SMOKE_SUITE_048

2023-08-16 15:29:59 - [TEST_STEP][PASSED] - openBrowser(""): Browser is opened with url: ''

2023-08-16 15:30:00 - [MESSAGE][INFO] - Starting 'Chrome' driver

2023-08-16 15:30:00 - [MESSAGE][INFO] - Action delay is set to 0 milliseconds

2023-08-16 15:30:04 - [MESSAGE][PASSED] - Browser is opened with url: ''

2023-08-16 15:30:04 - [TEST_STEP][PASSED] - navigateToUrl(URL): Navigate to 'https://odtaqaa.liverpool.com.mx/tienda/home' successfully

2023-08-16 15:31:11 - [MESSAGE][PASSED] - Navigate to 'https://odtaqaa.liverpool.com.mx/tienda/home' successfully

2023-08-16 15:31:11 - [TEST_STEP][PASSED] - maximizeWindow(): Current window maximized

2023-08-16 15:31:12 - [MESSAGE][PASSED] - Current window maximized

2023-08-16 15:31:12 - [TEST_STEP][PASSED] - callTestCase(findTestCase("CommonMethods/SearchForAProduct_search"), ["searchTerm":"mac"], STOP_ON_FAILURE): Call Test Case 'Test Cases/CommonMethods/SearchForAProduct_search' successfully

2023-08-16 15:31:12 - [TEST_CASE][PASSED] - Test Cases/CommonMethods/SearchForAProduct_search: Test Cases/CommonMethods/SearchForAProduct_search

2023-08-16 15:31:12 - [TEST_STEP][PASSED] - click(findTestObject("HomePage/Buscar1"), STOP_ON_FAILURE): Object: 'Object Repository/HomePage/Buscar1' is clicked on

2023-08-16 15:31:13 - [MESSAGE][PASSED] - Object: 'Object Repository/HomePage/Buscar1' is clicked on

2023-08-16 15:31:13 - [TEST_STEP][PASSED] - delay(3): Delayed 3 second(s)

2023-08-16 15:31:16 - [MESSAGE][PASSED] - Delayed 3 second(s)

2023-08-16 15:31:16 - [TEST_STEP][PASSED] - setText(findTestObject("HomePage/Buscar1"), searchTerm): Text 'mac' is set on object 'Object Repository/HomePage/Buscar1'

2023-08-16 15:31:17 - [MESSAGE][PASSED] - Text 'mac' is set on object 'Object Repository/HomePage/Buscar1'

2023-08-16 15:31:17 - [TEST_STEP][PASSED] - delay(3): Delayed 3 second(s)

2023-08-16 15:31:20 - [MESSAGE][PASSED] - Delayed 3 second(s)

2023-08-16 15:31:20 - [TEST_STEP][PASSED] - sendKeys(findTestObject("HomePage/Seach_TextBox_hp"), Keys.chord(ENTER)): Keys 'ENTER + ' sent to object: 'Object Repository/HomePage/Seach_TextBox_hp'

2023-08-16 15:31:20 - [MESSAGE][PASSED] - Keys 'ENTER + ' sent to object: 'Object Repository/HomePage/Seach_TextBox_hp'

2023-08-16 15:31:20 - [MESSAGE][PASSED] - Call Test Case 'Test Cases/CommonMethods/SearchForAProduct_search' successfully

2023-08-16 15:31:20 - [TEST_STEP][PASSED] - click(findTestObject("HomePage/Logo_hp")): Object: 'Object Repository/HomePage/Logo_hp' is clicked on

2023-08-16 15:31:21 - [MESSAGE][PASSED] - Object: 'Object Repository/HomePage/Logo_hp' is clicked on

2023-08-16 15:31:21 - [TEST_STEP][PASSED] - callTestCase(findTestCase("CommonMethods/SearchForAProduct_search"), ["searchTerm":"mac"], STOP_ON_FAILURE): Call Test Case 'Test Cases/CommonMethods/SearchForAProduct_search' successfully

2023-08-16 15:31:22 - [TEST_CASE][PASSED] - Test Cases/CommonMethods/SearchForAProduct_search: Test Cases/CommonMethods/SearchForAProduct_search

2023-08-16 15:31:22 - [TEST_STEP][PASSED] - click(findTestObject("HomePage/Buscar1"), STOP_ON_FAILURE): Object: 'Object Repository/HomePage/Buscar1' is clicked on

2023-08-16 15:31:22 - [MESSAGE][PASSED] - Object: 'Object Repository/HomePage/Buscar1' is clicked on

2023-08-16 15:31:22 - [TEST_STEP][PASSED] - delay(3): Delayed 3 second(s)

2023-08-16 15:31:25 - [MESSAGE][PASSED] - Delayed 3 second(s)

2023-08-16 15:31:25 - [TEST_STEP][PASSED] - setText(findTestObject("HomePage/Buscar1"), searchTerm): Text 'mac' is set on object 'Object Repository/HomePage/Buscar1'

2023-08-16 15:32:24 - [MESSAGE][PASSED] - Text 'mac' is set on object 'Object Repository/HomePage/Buscar1'

2023-08-16 15:32:24 - [TEST_STEP][PASSED] - delay(3): Delayed 3 second(s)

2023-08-16 15:32:27 - [MESSAGE][PASSED] - Delayed 3 second(s)

2023-08-16 15:32:27 - [TEST_STEP][PASSED] - sendKeys(findTestObject("HomePage/Seach_TextBox_hp"), Keys.chord(ENTER)): Keys 'ENTER + ' sent to object: 'Object Repository/HomePage/Seach_TextBox_hp'

2023-08-16 15:32:30 - [MESSAGE][PASSED] - Keys 'ENTER + ' sent to object: 'Object Repository/HomePage/Seach_TextBox_hp'

2023-08-16 15:32:30 - [MESSAGE][PASSED] - Call Test Case 'Test Cases/CommonMethods/SearchForAProduct_search' successfully

2023-08-16 15:32:30 - [TEST_STEP][PASSED] - a = getText(findTestObject("PLPPage/product1_cardPrice_PLP")): Text of object 'Object Repository/PLPPage/product1_cardPrice_PLP' is: '$42500 - $64900'

2023-08-16 15:32:35 - [MESSAGE][PASSED] - Text of object 'Object Repository/PLPPage/product1_cardPrice_PLP' is: '$42500 - $64900'

2023-08-16 15:32:35 - [TEST_STEP][PASSED] - b = getText(findTestObject("PLPPage/product1_discountPrice_PLP")): Text of object 'Object Repository/PLPPage/product1_discountPrice_PLP' is: '$34000 - $51920'

2023-08-16 15:32:36 - [MESSAGE][PASSED] - Text of object 'Object Repository/PLPPage/product1_discountPrice_PLP' is: '$34000 - $51920'

2023-08-16 15:32:36 - [TEST_STEP][PASSED] - a1 = a.contains("-"): null

2023-08-16 15:32:36 - [TEST_STEP][PASSED] - b1 = b.contains("-"): null

2023-08-16 15:32:36 - [TEST_STEP][PASSED] - out.println(a1): null

2023-08-16 15:32:36 - [TEST_STEP][PASSED] - out.println(b1): null

2023-08-16 15:32:36 - [TEST_STEP][PASSED] - if (a1 == true && b1 == true): null

2023-08-16 15:32:36 - [TEST_STEP][PASSED] - out.println("verifed"): null

2023-08-16 15:32:36 - [TEST_STEP][PASSED] - closeBrowser(): Browser is closed

2023-08-16 15:32:37 - [MESSAGE][PASSED] - Browser is closed]]></system-out>
         <system-err><![CDATA[]]></system-err>
      </testcase>
      <testcase name="Test Cases/Browse and Shop/TS_SMOKE_SUITE_049" time="79.683" classname="Test Cases/Browse and Shop/TS_SMOKE_SUITE_049" status="PASSED">
         <system-out><![CDATA[2023-08-16 15:32:37 - [TEST_CASE][PASSED] - Test Cases/Browse and Shop/TS_SMOKE_SUITE_049: Test Cases/Browse and Shop/TS_SMOKE_SUITE_049

2023-08-16 15:32:37 - [TEST_STEP][PASSED] - openBrowser(""): Browser is opened with url: ''

2023-08-16 15:32:37 - [MESSAGE][INFO] - Starting 'Chrome' driver

2023-08-16 15:32:37 - [MESSAGE][INFO] - Action delay is set to 0 milliseconds

2023-08-16 15:32:39 - [MESSAGE][PASSED] - Browser is opened with url: ''

2023-08-16 15:32:39 - [TEST_STEP][PASSED] - navigateToUrl(URL): Navigate to 'https://odtaqaa.liverpool.com.mx/tienda/home' successfully

2023-08-16 15:33:23 - [MESSAGE][PASSED] - Navigate to 'https://odtaqaa.liverpool.com.mx/tienda/home' successfully

2023-08-16 15:33:23 - [TEST_STEP][PASSED] - maximizeWindow(): Current window maximized

2023-08-16 15:33:23 - [MESSAGE][PASSED] - Current window maximized

2023-08-16 15:33:23 - [TEST_STEP][PASSED] - delay(5): Delayed 5 second(s)

2023-08-16 15:33:28 - [MESSAGE][PASSED] - Delayed 5 second(s)

2023-08-16 15:33:28 - [TEST_STEP][PASSED] - callTestCase(findTestCase("CommonMethods/SearchForAProduct_search"), ["searchTerm":"jean"], STOP_ON_FAILURE): Call Test Case 'Test Cases/CommonMethods/SearchForAProduct_search' successfully

2023-08-16 15:33:28 - [TEST_CASE][PASSED] - Test Cases/CommonMethods/SearchForAProduct_search: Test Cases/CommonMethods/SearchForAProduct_search

2023-08-16 15:33:28 - [TEST_STEP][PASSED] - click(findTestObject("HomePage/Buscar1"), STOP_ON_FAILURE): Object: 'Object Repository/HomePage/Buscar1' is clicked on

2023-08-16 15:33:30 - [MESSAGE][PASSED] - Object: 'Object Repository/HomePage/Buscar1' is clicked on

2023-08-16 15:33:30 - [TEST_STEP][PASSED] - delay(3): Delayed 3 second(s)

2023-08-16 15:33:33 - [MESSAGE][PASSED] - Delayed 3 second(s)

2023-08-16 15:33:33 - [TEST_STEP][PASSED] - setText(findTestObject("HomePage/Buscar1"), searchTerm): Text 'jean' is set on object 'Object Repository/HomePage/Buscar1'

2023-08-16 15:33:34 - [MESSAGE][PASSED] - Text 'jean' is set on object 'Object Repository/HomePage/Buscar1'

2023-08-16 15:33:34 - [TEST_STEP][PASSED] - delay(3): Delayed 3 second(s)

2023-08-16 15:33:37 - [MESSAGE][PASSED] - Delayed 3 second(s)

2023-08-16 15:33:37 - [TEST_STEP][PASSED] - sendKeys(findTestObject("HomePage/Seach_TextBox_hp"), Keys.chord(ENTER)): Keys 'ENTER + ' sent to object: 'Object Repository/HomePage/Seach_TextBox_hp'

2023-08-16 15:33:43 - [MESSAGE][PASSED] - Keys 'ENTER + ' sent to object: 'Object Repository/HomePage/Seach_TextBox_hp'

2023-08-16 15:33:43 - [MESSAGE][PASSED] - Call Test Case 'Test Cases/CommonMethods/SearchForAProduct_search' successfully

2023-08-16 15:33:43 - [TEST_STEP][PASSED] - delay(5): Delayed 5 second(s)

2023-08-16 15:33:48 - [MESSAGE][PASSED] - Delayed 5 second(s)

2023-08-16 15:33:48 - [TEST_STEP][PASSED] - verifyElementVisible(findTestObject("PLPPage/product1_cardPrice_PLP")): Object 'Object Repository/PLPPage/product1_cardPrice_PLP' is visible

2023-08-16 15:33:56 - [MESSAGE][PASSED] - Object 'Object Repository/PLPPage/product1_cardPrice_PLP' is visible

2023-08-16 15:33:56 - [TEST_STEP][PASSED] - verifyElementVisible(findTestObject("PLPPage/product1_discountPrice_PLP")): Object 'Object Repository/PLPPage/product1_discountPrice_PLP' is visible

2023-08-16 15:33:56 - [MESSAGE][PASSED] - Object 'Object Repository/PLPPage/product1_discountPrice_PLP' is visible

2023-08-16 15:33:56 - [TEST_STEP][PASSED] - closeBrowser(): Browser is closed

2023-08-16 15:33:57 - [MESSAGE][PASSED] - Browser is closed]]></system-out>
         <system-err><![CDATA[]]></system-err>
      </testcase>
      <system-out><![CDATA[2023-08-16 15:29:57 - [TEST_SUITE][PASSED] - browserAndShop: Test Cases/Browse and Shop/TS_SMOKE_SUITE_049]]></system-out>
      <system-err><![CDATA[]]></system-err>
   </testsuite>
</testsuites>
